[debug] [2017-11-07T14:38:55.836Z] ----------------------------------------------------------------------
[debug] [2017-11-07T14:38:55.840Z] Command:      /home/jin/.linuxbrew/Cellar/node/8.1.4/bin/node /home/jin/.linuxbrew/bin/firebase serve
[debug] [2017-11-07T14:38:55.841Z] CLI Version:  3.9.1
[debug] [2017-11-07T14:38:55.841Z] Platform:     linux
[debug] [2017-11-07T14:38:55.841Z] Node Version: v8.1.4
[debug] [2017-11-07T14:38:55.841Z] Time:         Tue Nov 07 2017 22:38:55 GMT+0800 (SGT)
[debug] [2017-11-07T14:38:55.841Z] ----------------------------------------------------------------------
[debug] 
[warn] ⚠  Deprecation Warning: Firebase Hosting configuration should be moved under "hosting" key.
[debug] [2017-11-07T14:38:55.896Z] > command requires scopes: ["email","openid","https://www.googleapis.com/auth/cloudplatformprojects.readonly","https://www.googleapis.com/auth/firebase","https://www.googleapis.com/auth/cloud-platform"]
[debug] [2017-11-07T14:38:55.897Z] > authorizing via signed-in user
[debug] [2017-11-07T14:38:55.900Z] > refreshing access token with scopes: ["email","https://www.googleapis.com/auth/cloud-platform","https://www.googleapis.com/auth/cloudplatformprojects.readonly","https://www.googleapis.com/auth/firebase","openid"]
[debug] [2017-11-07T14:38:55.901Z] >>> HTTP REQUEST POST https://www.googleapis.com/oauth2/v3/token { refresh_token: '1/6mz21OyRJB4JzmogAk3x-DM3OIcB1oqqeHe8SQoiaOE',
  client_id: '563584335869-fgrhgmd47bqnekij5i8b5pr03ho849e6.apps.googleusercontent.com',
  client_secret: 'j9iVZfS8kkCEFUPaAeJV0sAi',
  grant_type: 'refresh_token',
  scope: 'email https://www.googleapis.com/auth/cloud-platform https://www.googleapis.com/auth/cloudplatformprojects.readonly https://www.googleapis.com/auth/firebase openid' } 
 Tue Nov 07 2017 22:38:55 GMT+0800 (SGT)
[debug] [2017-11-07T14:38:55.986Z] <<< HTTP RESPONSE 200
[debug] [2017-11-07T14:38:56.318Z] >>> HTTP REQUEST GET https://admin.firebase.com/v1/projects/lancelot-ver2  
 Tue Nov 07 2017 22:38:56 GMT+0800 (SGT)
[debug] [2017-11-07T14:38:57.323Z] <<< HTTP RESPONSE 200
[debug] [2017-11-07T14:38:57.324Z] >>> HTTP REQUEST GET https://admin.firebase.com/v1/database/lancelot-ver2/tokens  
 Tue Nov 07 2017 22:38:57 GMT+0800 (SGT)
[debug] [2017-11-07T14:38:58.231Z] <<< HTTP RESPONSE 200
[info] 
[info] === Serving from '/home/jin/workspace/lancelot'...
[info] 
[debug] [2017-11-07T14:38:58.235Z] >>> HTTP REQUEST GET https://cloudresourcemanager.googleapis.com/v1/projects/lancelot-ver2  
 Tue Nov 07 2017 22:38:58 GMT+0800 (SGT)
[debug] [2017-11-07T14:38:59.397Z] <<< HTTP RESPONSE 200
[debug] [2017-11-07T14:38:59.398Z] >>> HTTP REQUEST GET https://mobilesdk-pa.googleapis.com/v1/projects/416179529574/clients/_:getWebAppConfig  
 Tue Nov 07 2017 22:38:59 GMT+0800 (SGT)
[debug] [2017-11-07T14:39:00.036Z] <<< HTTP RESPONSE 200
[info] i  hosting: Serving hosting files from: front_v2
[info] ✔  hosting: Local server: http://localhost:5000

